Using pre-set license
Built from '2020.3/staging' branch; Version is '2020.3.4f1 (0abb6314276a) revision 703331'; Using compiler version '192528614'; Build Type 'Release'
OS: 'Windows 10 Education; OS build 18363.1500; Version 1909; 64bit' Language: 'en' Physical Memory: 16297 MB
BatchMode: 1, IsHumanControllingUs: 0, StartBugReporterOnCrash: 0, Is64bit: 1, IsPro: 0

 COMMAND LINE ARGUMENTS:
C:\Program Files\Unity\Hub\Editor\2020.3.4f1\Editor\Unity.exe
-adb2
-batchMode
-noUpm
-name
AssetImportWorker0
-projectPath
C:/Users/riley_bxtvy5/Documents/GitHub/SearchAndRescueUnity/Unity/AR Demo
-logFile
Logs/AssetImportWorker0.log
-srvPort
65274
Successfully changed project path to: C:/Users/riley_bxtvy5/Documents/GitHub/SearchAndRescueUnity/Unity/AR Demo
C:/Users/riley_bxtvy5/Documents/GitHub/SearchAndRescueUnity/Unity/AR Demo
Using Asset Import Pipeline V2.
Refreshing native plugins compatible for Editor in 51.67 ms, found 0 plugins.
Preloading 0 native plugins for Editor in 0.00 ms.
Initialize engine version: 2020.3.4f1 (0abb6314276a)
[Subsystems] Discovering subsystems at path C:/Program Files/Unity/Hub/Editor/2020.3.4f1/Editor/Data/Resources/UnitySubsystems
[Subsystems] Discovering subsystems at path C:/Users/riley_bxtvy5/Documents/GitHub/SearchAndRescueUnity/Unity/AR Demo/Assets
GfxDevice: creating device client; threaded=0
Direct3D:
    Version:  Direct3D 11.0 [level 11.1]
    Renderer: NVIDIA GeForce GTX 1080 (ID=0x1b80)
    Vendor:   
    VRAM:     8079 MB
    Driver:   27.21.14.5751
Shader 'Universal Render Pipeline/Particles/Lit': fallback shader 'Universal Render Pipeline/Particles/SimpleLit' not found
Initialize mono
Mono path[0] = 'C:/Program Files/Unity/Hub/Editor/2020.3.4f1/Editor/Data/Managed'
Mono path[1] = 'C:/Program Files/Unity/Hub/Editor/2020.3.4f1/Editor/Data/MonoBleedingEdge/lib/mono/unityjit'
Mono config path = 'C:/Program Files/Unity/Hub/Editor/2020.3.4f1/Editor/Data/MonoBleedingEdge/etc'
Using monoOptions --debugger-agent=transport=dt_socket,embedding=1,server=y,suspend=n,address=127.0.0.1:56656
Begin MonoManager ReloadAssembly
Registering precompiled unity dll's ...
Register platform support module: C:/Program Files/Unity/Hub/Editor/2020.3.4f1/Editor/Data/PlaybackEngines/MacStandaloneSupport/UnityEditor.OSXStandalone.Extensions.dll
Register platform support module: C:/Program Files/Unity/Hub/Editor/2020.3.4f1/Editor/Data/PlaybackEngines/WindowsStandaloneSupport/UnityEditor.WindowsStandalone.Extensions.dll
Registered in 0.001996 seconds.
Native extension for WindowsStandalone target not found
Native extension for OSXStandalone target not found
Refreshing native plugins compatible for Editor in 50.27 ms, found 0 plugins.
Preloading 0 native plugins for Editor in 0.00 ms.
Mono: successfully reloaded assembly
- Completed reload, in  1.380 seconds
Platform modules already initialized, skipping
Registering precompiled user dll's ...
Registered in 0.004452 seconds.
Begin MonoManager ReloadAssembly
Native extension for WindowsStandalone target not found
Native extension for OSXStandalone target not found
Refreshing native plugins compatible for Editor in 51.32 ms, found 0 plugins.
Preloading 0 native plugins for Editor in 0.00 ms.
Mono: successfully reloaded assembly
- Completed reload, in  0.870 seconds
Platform modules already initialized, skipping
========================================================================
Worker process is ready to serve import requests
CustomForwardRendererData is missing RendererFeatures
This could be due to missing scripts or compile error.
UnityEngine.StackTraceUtility:ExtractStackTrace ()
UnityEngine.DebugLogHandler:LogFormat (UnityEngine.LogType,UnityEngine.Object,string,object[])
UnityEngine.Logger:Log (UnityEngine.LogType,object,UnityEngine.Object)
UnityEngine.Debug:LogError (object,UnityEngine.Object)
UnityEngine.Rendering.Universal.ScriptableRendererData:ValidateRendererFeatures () (at C:/Users/HerndonE/Desktop/CapstoneProject/SearchAndRescueUnity/Unity/AR Demo/Library/PackageCache/com.unity.render-pipelines.universal@10.4.0/Runtime/ScriptableRendererData.cs:135)
UnityEngine.Rendering.Universal.ScriptableRendererData:OnValidate () (at C:/Users/HerndonE/Desktop/CapstoneProject/SearchAndRescueUnity/Unity/AR Demo/Library/PackageCache/com.unity.render-pipelines.universal@10.4.0/Runtime/ScriptableRendererData.cs:59)

(Filename: C:/Users/HerndonE/Desktop/CapstoneProject/SearchAndRescueUnity/Unity/AR Demo/Library/PackageCache/com.unity.render-pipelines.universal@10.4.0/Runtime/ScriptableRendererData.cs Line: 135)

Shader 'Universal Render Pipeline/Particles/Lit': fallback shader 'Universal Render Pipeline/Particles/SimpleLit' not found
Launched and connected shader compiler UnityShaderCompiler.exe after 0.05 seconds
Refreshing native plugins compatible for Editor in 0.68 ms, found 0 plugins.
Preloading 0 native plugins for Editor in 0.00 ms.
Unloading 2993 Unused Serialized files (Serialized files now loaded: 0)
System memory in use before: 137.5 MB.
System memory in use after: 137.7 MB.

Unloading 23 unused Assets to reduce memory usage. Loaded Objects now: 3428.
Total: 2.508200 ms (FindLiveObjects: 0.352200 ms CreateObjectMapping: 0.083100 ms MarkObjects: 1.969200 ms  DeleteObjects: 0.102700 ms)

========================================================================
Received Import Request.
  path: Assets/Scenes
  artifactKey: Guid(44d0b3ca9fb79bc4fa34e01fd0d51ab1) Importer(815301076,1909f56bfc062723c751e8b465ee728b)
Start importing Assets/Scenes using Guid(44d0b3ca9fb79bc4fa34e01fd0d51ab1) Importer(815301076,1909f56bfc062723c751e8b465ee728b)  -> (artifact id: '4eef59adae511b62d6cc4ddfe2331e92') in 0.005887 seconds
  Import took 0.009952 seconds .

========================================================================
Received Import Request.
  Time since last request: 3.870305 seconds.
  path: Assets/Scenes/Old Scenes
  artifactKey: Guid(f23bc9676529fba42adb29939d43ae14) Importer(815301076,1909f56bfc062723c751e8b465ee728b)
Start importing Assets/Scenes/Old Scenes using Guid(f23bc9676529fba42adb29939d43ae14) Importer(815301076,1909f56bfc062723c751e8b465ee728b)  -> (artifact id: 'b9bdcea02567b357b2ee143c6bfdb96a') in 0.002427 seconds
  Import took 0.006972 seconds .

========================================================================
Received Import Request.
  Time since last request: 6.066217 seconds.
  path: Assets/Scenes/Paint TNTC.unity
  artifactKey: Guid(df17bb02999771a45948c56ed8e85383) Importer(815301076,1909f56bfc062723c751e8b465ee728b)
Start importing Assets/Scenes/Paint TNTC.unity using Guid(df17bb02999771a45948c56ed8e85383) Importer(815301076,1909f56bfc062723c751e8b465ee728b)  -> (artifact id: '4a1d0ccc6e099e7cdb5992994701d1ee') in 0.007858 seconds
  Import took 0.012467 seconds .

========================================================================
Received Import Request.
  Time since last request: 9.892756 seconds.
  path: Assets/Scenes/TNTC scenes
  artifactKey: Guid(f23bc9676529fba42adb29939d43ae14) Importer(815301076,1909f56bfc062723c751e8b465ee728b)
Start importing Assets/Scenes/TNTC scenes using Guid(f23bc9676529fba42adb29939d43ae14) Importer(815301076,1909f56bfc062723c751e8b465ee728b)  -> (artifact id: 'd6a5001e4c2a1d535f6be02027ac1769') in 0.002826 seconds
  Import took 0.007461 seconds .

========================================================================
Received Import Request.
  Time since last request: 9.681842 seconds.
  path: Assets/Scenes/@@@Search Scenes
  artifactKey: Guid(e5ddea21c3bbea14c9c342bc72b6e7e0) Importer(815301076,1909f56bfc062723c751e8b465ee728b)
Start importing Assets/Scenes/@@@Search Scenes using Guid(e5ddea21c3bbea14c9c342bc72b6e7e0) Importer(815301076,1909f56bfc062723c751e8b465ee728b)  -> (artifact id: '35dc265fe4763425efa5bb543175b5a3') in 0.002570 seconds
  Import took 0.007173 seconds .

========================================================================
Received Import Request.
  Time since last request: 0.003215 seconds.
  path: Assets/Scenes/@@@Search Scenes
  artifactKey: Guid(e5ddea21c3bbea14c9c342bc72b6e7e0) Importer(815301076,1909f56bfc062723c751e8b465ee728b)
Start importing Assets/Scenes/@@@Search Scenes using Guid(e5ddea21c3bbea14c9c342bc72b6e7e0) Importer(815301076,1909f56bfc062723c751e8b465ee728b)  -> (artifact id: '35dc265fe4763425efa5bb543175b5a3') in 0.002152 seconds
  Import took 0.006305 seconds .

========================================================================
Received Import Request.
  Time since last request: 14.780060 seconds.
  path: Assets/Scenes/@Our Scenes
  artifactKey: Guid(e5ddea21c3bbea14c9c342bc72b6e7e0) Importer(815301076,1909f56bfc062723c751e8b465ee728b)
Start importing Assets/Scenes/@Our Scenes using Guid(e5ddea21c3bbea14c9c342bc72b6e7e0) Importer(815301076,1909f56bfc062723c751e8b465ee728b)  -> (artifact id: '7f957c72798f53141896782b529bf602') in 0.003100 seconds
  Import took 0.007847 seconds .

========================================================================
Received Import Request.
  Time since last request: 34.061805 seconds.
  path: Assets/Scenes/@Our Scenes/Big ocean.unity
  artifactKey: Guid(75412aa436faa184aa9fe6d69ce0c5c2) Importer(815301076,1909f56bfc062723c751e8b465ee728b)
Start importing Assets/Scenes/@Our Scenes/Big ocean.unity using Guid(75412aa436faa184aa9fe6d69ce0c5c2) Importer(815301076,1909f56bfc062723c751e8b465ee728b)  -> (artifact id: '42ecc0c711f3b2ddcb8ed68d854fcd5d') in 0.003037 seconds
  Import took 0.007056 seconds .

========================================================================
Received Import Request.
  Time since last request: 59.020288 seconds.
  path: Assets/Scenes/@Our Scenes/Big ocean.unity
  artifactKey: Guid(75412aa436faa184aa9fe6d69ce0c5c2) Importer(815301076,1909f56bfc062723c751e8b465ee728b)
Start importing Assets/Scenes/@Our Scenes/Big ocean.unity using Guid(75412aa436faa184aa9fe6d69ce0c5c2) Importer(815301076,1909f56bfc062723c751e8b465ee728b)  -> (artifact id: 'd99327a3b8f231123327f8b9780bbff1') in 0.002371 seconds
  Import took 0.006866 seconds .

AssetImportWorkerClient::OnTransportError - code=2 error=End of file
